<?xml version="1.0" encoding="UTF-8"?><testsuite name="nosetests" tests="5" errors="0" failures="0" skip="0"><testcase classname="Tests.Tests" name="test_append_files" time="0.006"></testcase><testcase classname="Tests.Tests" name="test_close_file" time="0.002"></testcase><testcase classname="Tests.Tests" name="test_open_file" time="0.002"></testcase><testcase classname="Tests.Tests" name="test_read_file" time="0.002"></testcase><testcase classname="Tests.Tests" name="test_write_file" time="0.002"></testcase></testsuite>